Wed, 24 May 2017 17:50:45 +0200 : kek - registered
Wed, 24 May 2017 23:35:34 +0200 : kik - created directory coucou
Thu, 25 May 2017 11:00:21 +0200 : kik - created directory cocou
Thu, 25 May 2017 11:25:49 +0200 : pip - registered
Thu, 25 May 2017 11:26:29 +0200 : pip - uploaded file 62zt86ihg6wy.jpg
Thu, 25 May 2017 11:26:35 +0200 : pip - created directory fifou
Thu, 25 May 2017 11:26:46 +0200 : pip - moved file ./uploads/pip/62zt86ihg6wy.jpg into ./uploads/pip/fifou
Thu, 25 May 2017 11:28:40 +0200 : pip - created directory yop
Thu, 25 May 2017 11:32:48 +0200 : pip - created directory overwatch into ./uploads/pip/fifou
Thu, 25 May 2017 11:33:47 +0200 : pip - uploaded file ddbb.PNG
Thu, 25 May 2017 19:44:16 +0200 : pip - moved file ./uploads/pip/ddbb.PNG into ./uploads/pip/fifou/overwatch
Thu, 25 May 2017 17:58:20 +0000 : sodara77 - registered
Thu, 25 May 2017 17:58:44 +0000 : sodara77 - uploaded file hollande.jpg
Thu, 25 May 2017 17:59:20 +0000 : sodara77 - created directory yo
Thu, 25 May 2017 17:59:27 +0000 : sodara77 - created directory you
Thu, 25 May 2017 18:00:58 +0000 : sodara77 - moved file ./uploads/sodara77/hollande.jpg into ./uploads/sodara77/yo
Thu, 25 May 2017 18:01:14 +0000 : sodara77 - uploaded file Bonjour.pdf
Thu, 25 May 2017 18:01:22 +0000 : sodara77 - moved file ./uploads/sodara77/Bonjour.pdf into ./uploads/sodara77/yo
Thu, 25 May 2017 18:29:38 +0000 : sodara77 - created directory yaya into ./uploads/sodara77/yo
Thu, 25 May 2017 18:42:36 +0000 : sodara77 - deleted file ./uploads/sodara77/yo/hollande.jpg
Thu, 25 May 2017 18:42:41 +0000 : sodara77 - deleted file ./uploads/sodara77/yo/Bonjour.pdf
Thu, 25 May 2017 18:44:47 +0000 : sodara77 -  deleted directory ./uploads/sodara77/yo
Thu, 25 May 2017 18:44:54 +0000 : sodara77 -  deleted directory ./uploads/sodara77/you
Thu, 25 May 2017 18:45:00 +0000 : sodara77 - created directory yo
Thu, 25 May 2017 18:45:08 +0000 : sodara77 - created directory yak into ./uploads/sodara77/yo
Thu, 25 May 2017 18:45:15 +0000 : sodara77 - created directory yok
Thu, 25 May 2017 18:45:22 +0000 : sodara77 -  deleted directory ./uploads/sodara77/yo/yak
Thu, 25 May 2017 18:59:17 +0000 : sodara77 - created directory Yafvf
Thu, 25 May 2017 19:00:12 +0000 : sodara77 - created directory yokou
Thu, 25 May 2017 19:03:18 +0000 : sodara77 - created directory yo into ./uploads/sodara77/yokou
Thu, 25 May 2017 19:04:49 +0000 : sodara77 -  deleted directory ./uploads/sodara77/yo
Thu, 25 May 2017 19:04:51 +0000 : sodara77 -  deleted directory ./uploads/sodara77/yok
Thu, 25 May 2017 19:04:53 +0000 : sodara77 -  deleted directory ./uploads/sodara77/Yafvf
Thu, 25 May 2017 19:04:54 +0000 : sodara77 -  deleted directory ./uploads/sodara77/yokou
Thu, 25 May 2017 19:05:04 +0000 : sodara77 - created directory ya
Thu, 25 May 2017 19:05:10 +0000 : sodara77 - created directory yo
Thu, 25 May 2017 19:27:26 +0000 : sodara77 - renamed directory ./uploads/sodara77/ya into yi
Thu, 25 May 2017 19:41:23 +0000 : sodara77 -  moved directory ./uploads/sodara77/yi into 
Thu, 25 May 2017 19:48:06 +0000 : sodara77 - created directory erzerze
Thu, 25 May 2017 19:48:14 +0000 : sodara77 -  moved directory ./uploads/sodara77/erzerze into ./uploads/sodara77/yo
