Thu, 25 May 2017 18:34:57 +0000 : sodara77 - modified url directory by: ./uploads/sodara77/yo/yaya
Thu, 25 May 2017 18:35:03 +0000 : sodara77 - modified url directory by: ./uploads/sodara77/yo/yaya
Thu, 25 May 2017 18:35:16 +0000 : sodara77 - modified url directory by: ./uploads/sodara77/yo/yaya
Thu, 25 May 2017 18:35:54 +0000 : sodara77 - modified url directory by: ./uploads/sodara77/you
Thu, 25 May 2017 18:36:30 +0000 : sodara77 - modified url directory by: ./uploads/sodara77/you
Thu, 25 May 2017 18:36:39 +0000 : sodara77 - modified url directory by: ./uploads/sodara77/you
Thu, 25 May 2017 18:39:16 +0000 : sodara77 - modified url directory by: ./uploads/sodara77/yo/yaya
Thu, 25 May 2017 18:41:39 +0000 : sodara77 - modified url directory by: ./uploads/sodara77/yo/yaya
Thu, 25 May 2017 18:42:59 +0000 : sodara77 - modified url directory by: ./uploads/sodara77/yo/yaya
Thu, 25 May 2017 18:45:36 +0000 : sodara77 - modified url directory by: ./uploads/sodara77/yok
Thu, 25 May 2017 18:49:01 +0000 : sodara77 - modified url directory by: ./uploads/sodara77/yok
Thu, 25 May 2017 18:59:35 +0000 : sodara77 - modified url directory by: ./uploads/sodara77/Yafvf
Thu, 25 May 2017 19:03:29 +0000 : sodara77 - modified url directory by: ./uploads/sodara77/yokou/yo
Thu, 25 May 2017 19:05:14 +0000 : sodara77 - modified url directory by: ./uploads/sodara77/ya
Thu, 25 May 2017 19:05:18 +0000 : sodara77 - modified url directory by: ./uploads/sodara77/ya
Thu, 25 May 2017 19:05:20 +0000 : sodara77 - modified url directory by: ./uploads/sodara77/ya
Thu, 25 May 2017 19:05:25 +0000 : sodara77 - modified url directory by: ./uploads/sodara77/ya
Thu, 25 May 2017 19:09:55 +0000 : sodara77 - modified url directory by: ./uploads/sodara77/yo
Thu, 25 May 2017 19:09:58 +0000 : sodara77 - modified url directory by: ./uploads/sodara77/yo
Thu, 25 May 2017 19:10:00 +0000 : sodara77 - modified url directory by: ./uploads/sodara77/yo
Thu, 25 May 2017 19:10:01 +0000 : sodara77 - modified url directory by: ./uploads/sodara77/yo
Thu, 25 May 2017 19:12:20 +0000 : sodara77 - modified url directory by: ./uploads/sodara77/ya
Thu, 25 May 2017 19:12:29 +0000 : sodara77 - modified url directory by: ./uploads/sodara77/ya
Thu, 25 May 2017 19:13:01 +0000 : sodara77 - modified url directory by: ./uploads/sodara77/ya
Thu, 25 May 2017 19:13:17 +0000 : sodara77 - modified url directory by: ./uploads/sodara77/ya
Thu, 25 May 2017 19:17:02 +0000 : sodara77 - modified url directory by: ./uploads/sodara77/ya
Thu, 25 May 2017 19:19:01 +0000 : sodara77 - modified url directory by: ./uploads/sodara77/ya
Thu, 25 May 2017 19:19:05 +0000 : sodara77 - modified url directory by: ./uploads/sodara77/ya
Thu, 25 May 2017 19:19:08 +0000 : sodara77 - modified url directory by: ./uploads/sodara77/ya
Thu, 25 May 2017 19:27:08 +0000 : sodara77 - modified url directory by: ./uploads/sodara77/ya
Thu, 25 May 2017 19:27:49 +0000 : sodara77 - modified url directory by: ./uploads/sodara77/yi
Thu, 25 May 2017 19:36:58 +0000 : sodara77 - modified url directory by: ./uploads/sodara77/yi
Thu, 25 May 2017 19:37:00 +0000 : sodara77 - modified url directory by: ./uploads/sodara77/yi
Thu, 25 May 2017 19:37:02 +0000 : sodara77 - modified url directory by: ./uploads/sodara77/yi
Thu, 25 May 2017 19:37:04 +0000 : sodara77 - modified url directory by: ./uploads/sodara77/yi
Thu, 25 May 2017 19:37:05 +0000 : sodara77 - modified url directory by: ./uploads/sodara77/yi
Thu, 25 May 2017 19:37:05 +0000 : sodara77 - modified url directory by: ./uploads/sodara77/yi
Thu, 25 May 2017 19:38:05 +0000 : sodara77 - modified url directory by: ./uploads/sodara77/yi
Thu, 25 May 2017 19:41:33 +0000 : sodara77 - modified url directory by: /yi
Thu, 25 May 2017 19:41:36 +0000 : sodara77 - modified url directory by: /yi
Thu, 25 May 2017 19:42:42 +0000 : sodara77 - modified url directory by: /yi
Thu, 25 May 2017 19:46:57 +0000 : sodara77 - modified url directory by: /yi
Thu, 25 May 2017 19:46:59 +0000 : sodara77 - modified url directory by: /yi
